<?xml version="1.0" encoding="UTF-8"?>
<!-- Generated by org.testng.reporters.JUnitXMLReporter -->
<testsuite hostname="DESKTOP-756MOFR" ignored="0" name="Default test" tests="4" failures="0" timestamp="2021-08-01T09:20:58 CEST" time="15.956" errors="0">
  <testcase name="Get_Method" time="13.127" classname="com.pets.store.Petstore"/>
  <testcase name="Post_Method" time="1.032" classname="com.pets.store.Petstore"/>
  <testcase name="Put_Method" time="0.806" classname="com.pets.store.Petstore"/>
  <testcase name="Delete_Method" time="0.829" classname="com.pets.store.Petstore"/>
</testsuite> <!-- Default test -->
